2021-11-25 20:27:16,982 INFO  [LoggerUtils] ****************************************** 
2021-11-25 20:27:16,982 INFO  [LoggerUtils] Test Case ID: newpol_001 
2021-11-25 20:27:16,983 INFO  [LoggerUtils] ****************************************** 
2021-11-25 20:27:21,344 INFO  [LoggerUtils] Driver Setup 
2021-11-25 20:27:25,332 INFO  [LoggerUtils] User Name: admin@eta.com 
2021-11-25 20:27:26,543 INFO  [LoggerUtils] Password: Success123 
2021-11-25 20:27:29,684 INFO  [LoggerUtils] Login Successfully, welcome to dashboard 
2021-11-25 20:27:35,023 INFO  [LoggerUtils] Sidebar menu clicked 
2021-11-25 20:27:39,873 INFO  [LoggerUtils] Sidebar Insurance menu clicked 
2021-11-25 20:27:44,071 INFO  [LoggerUtils] Sidebar Policy profile menu clicked 
2021-11-25 20:27:51,219 INFO  [LoggerUtils] POlicy number entered 
2021-11-25 20:27:59,694 INFO  [LoggerUtils] Insured details entered 
2021-11-25 20:28:01,806 INFO  [LoggerUtils] Bill to same as Insured  
2021-11-25 20:28:06,273 INFO  [LoggerUtils] Insurer value selected 
2021-11-25 20:28:12,751 INFO  [LoggerUtils] Class Selected 
2021-11-25 20:28:15,057 INFO  [LoggerUtils] Gross premium entered 
2021-11-25 20:28:17,357 INFO  [LoggerUtils] Discont entered 
2021-11-25 20:28:20,830 INFO  [LoggerUtils] Our Commission 1 entered 
2021-11-25 20:28:23,063 INFO  [LoggerUtils] Save btton Clicked 
2021-11-25 20:28:27,492 INFO  [LoggerUtils] Policy number should be unique!, Unable to Create Policy 
2021-11-25 20:28:28,245 INFO  [LoggerUtils] Driver tear down 
2021-11-25 20:28:28,513 INFO  [LoggerUtils] Test Completed Successfully - newpol_001 
2021-11-25 20:29:42,933 INFO  [LoggerUtils] ****************************************** 
2021-11-25 20:29:42,934 INFO  [LoggerUtils] Test Case ID: newpol_001 
2021-11-25 20:29:42,934 INFO  [LoggerUtils] ****************************************** 
2021-11-25 20:29:47,150 INFO  [LoggerUtils] Driver Setup 
2021-11-25 20:29:51,379 INFO  [LoggerUtils] User Name: admin@eta.com 
2021-11-25 20:29:52,591 INFO  [LoggerUtils] Password: Success123 
2021-11-25 20:29:55,719 INFO  [LoggerUtils] Login Successfully, welcome to dashboard 
2021-11-25 20:30:00,959 INFO  [LoggerUtils] Sidebar menu clicked 
2021-11-25 20:30:05,682 INFO  [LoggerUtils] Sidebar Insurance menu clicked 
2021-11-25 20:30:09,782 INFO  [LoggerUtils] Sidebar Policy profile menu clicked 
2021-11-25 20:30:16,574 INFO  [LoggerUtils] POlicy number entered 
2021-11-25 20:30:24,555 INFO  [LoggerUtils] Insured details entered 
2021-11-25 20:30:26,695 INFO  [LoggerUtils] Bill to same as Insured  
2021-11-25 20:30:31,145 INFO  [LoggerUtils] Insurer value selected 
2021-11-25 20:30:37,634 INFO  [LoggerUtils] Class Selected 
2021-11-25 20:30:39,854 INFO  [LoggerUtils] Gross premium entered 
2021-11-25 20:30:42,113 INFO  [LoggerUtils] Discont entered 
2021-11-25 20:30:45,467 INFO  [LoggerUtils] Our Commission 1 entered 
2021-11-25 20:30:47,679 INFO  [LoggerUtils] Save btton Clicked 
2021-11-25 20:30:54,019 ERROR [LoggerUtils] Failed in test case execution 
2021-11-25 20:30:54,820 INFO  [LoggerUtils] Driver tear down 
2021-11-25 20:30:54,821 INFO  [LoggerUtils] Driver tear down 
2021-11-25 20:30:54,821 INFO  [LoggerUtils] Test Failed - newpol_001 
2021-11-25 20:31:33,911 INFO  [LoggerUtils] ****************************************** 
2021-11-25 20:31:33,911 INFO  [LoggerUtils] Test Case ID: newpol_001 
2021-11-25 20:31:33,911 INFO  [LoggerUtils] ****************************************** 
2021-11-25 20:31:38,302 INFO  [LoggerUtils] Driver Setup 
2021-11-25 20:31:42,064 INFO  [LoggerUtils] User Name: admin@eta.com 
2021-11-25 20:31:43,298 INFO  [LoggerUtils] Password: Success123 
2021-11-25 20:31:46,448 INFO  [LoggerUtils] Login Successfully, welcome to dashboard 
2021-11-25 20:31:51,631 INFO  [LoggerUtils] Sidebar menu clicked 
2021-11-25 20:31:56,409 INFO  [LoggerUtils] Sidebar Insurance menu clicked 
2021-11-25 20:32:00,529 INFO  [LoggerUtils] Sidebar Policy profile menu clicked 
2021-11-25 20:32:07,562 INFO  [LoggerUtils] POlicy number entered 
2021-11-25 20:32:15,962 INFO  [LoggerUtils] Insured details entered 
2021-11-25 20:32:18,116 INFO  [LoggerUtils] Bill to same as Insured  
2021-11-25 20:32:22,566 INFO  [LoggerUtils] Insurer value selected 
2021-11-25 20:32:28,946 INFO  [LoggerUtils] Class Selected 
2021-11-25 20:32:31,186 INFO  [LoggerUtils] Gross premium entered 
2021-11-25 20:32:33,469 INFO  [LoggerUtils] Discont entered 
2021-11-25 20:32:36,850 INFO  [LoggerUtils] Our Commission 1 entered 
2021-11-25 20:32:39,014 INFO  [LoggerUtils] Save btton Clicked 
2021-11-25 20:32:43,452 INFO  [LoggerUtils] Policy number should be unique!, Unable to Create Policy 
2021-11-25 20:32:44,218 INFO  [LoggerUtils] Driver tear down 
2021-11-25 20:32:44,429 INFO  [LoggerUtils] Test Completed Successfully - newpol_001 
2021-11-25 20:33:11,612 INFO  [LoggerUtils] ****************************************** 
2021-11-25 20:33:11,612 INFO  [LoggerUtils] Test Case ID: newpol_001 
2021-11-25 20:33:11,612 INFO  [LoggerUtils] ****************************************** 
2021-11-25 20:33:15,583 INFO  [LoggerUtils] Driver Setup 
2021-11-25 20:33:19,576 INFO  [LoggerUtils] User Name: admin@eta.com 
2021-11-25 20:33:20,745 INFO  [LoggerUtils] Password: Success123 
2021-11-25 20:33:23,875 INFO  [LoggerUtils] Login Successfully, welcome to dashboard 
2021-11-25 20:33:29,170 INFO  [LoggerUtils] Sidebar menu clicked 
2021-11-25 20:33:36,002 INFO  [LoggerUtils] Sidebar Insurance menu clicked 
2021-11-25 20:33:40,099 INFO  [LoggerUtils] Sidebar Policy profile menu clicked 
2021-11-25 20:33:46,967 INFO  [LoggerUtils] POlicy number entered 
2021-11-25 20:33:55,385 INFO  [LoggerUtils] Insured details entered 
2021-11-25 20:33:57,564 INFO  [LoggerUtils] Bill to same as Insured  
2021-11-25 20:34:01,982 INFO  [LoggerUtils] Insurer value selected 
2021-11-25 20:34:08,434 INFO  [LoggerUtils] Class Selected 
2021-11-25 20:34:10,699 INFO  [LoggerUtils] Gross premium entered 
2021-11-25 20:34:12,989 INFO  [LoggerUtils] Discont entered 
2021-11-25 20:34:16,359 INFO  [LoggerUtils] Our Commission 1 entered 
2021-11-25 20:34:18,543 INFO  [LoggerUtils] Save btton Clicked 
2021-11-25 20:34:25,358 INFO  [LoggerUtils] Policy number should be unique!, Unable to Create Policy 
2021-11-25 20:34:26,120 INFO  [LoggerUtils] Driver tear down 
2021-11-25 20:34:26,322 INFO  [LoggerUtils] Test Completed Successfully - newpol_001 
2021-11-25 20:54:58,735 INFO  [LoggerUtils] ****************************************** 
2021-11-25 20:54:58,738 INFO  [LoggerUtils] Test Case ID: newpol_001 
2021-11-25 20:54:58,738 INFO  [LoggerUtils] ****************************************** 
2021-11-25 20:55:03,558 INFO  [LoggerUtils] Driver Setup 
2021-11-25 20:55:07,966 INFO  [LoggerUtils] User Name: admin@eta.com 
2021-11-25 20:55:09,131 INFO  [LoggerUtils] Password: Success123 
2021-11-25 20:55:12,232 INFO  [LoggerUtils] Login Successfully, welcome to dashboard 
2021-11-25 20:55:17,419 INFO  [LoggerUtils] Sidebar menu clicked 
2021-11-25 20:55:22,470 INFO  [LoggerUtils] Sidebar Insurance menu clicked 
2021-11-25 20:55:26,550 INFO  [LoggerUtils] Sidebar Policy profile menu clicked 
2021-11-25 20:55:33,343 INFO  [LoggerUtils] POlicy number entered 
2021-11-25 20:55:41,661 INFO  [LoggerUtils] Insured details entered 
2021-11-25 20:55:45,974 INFO  [LoggerUtils] Bill to details entered  
2021-11-25 20:55:50,268 INFO  [LoggerUtils] Insurer value selected 
2021-11-25 20:55:56,431 INFO  [LoggerUtils] Class Selected 
2021-11-25 20:59:47,034 INFO  [LoggerUtils] ****************************************** 
2021-11-25 20:59:47,034 INFO  [LoggerUtils] Test Case ID: newpol_001 
2021-11-25 20:59:47,034 INFO  [LoggerUtils] ****************************************** 
2021-11-25 20:59:50,375 INFO  [LoggerUtils] Driver Setup 
2021-11-25 20:59:53,127 INFO  [LoggerUtils] User Name: admin@eta.com 
2021-11-25 20:59:54,231 INFO  [LoggerUtils] Password: Success123 
2021-11-25 20:59:57,308 INFO  [LoggerUtils] Login Successfully, welcome to dashboard 
2021-11-25 21:00:05,048 INFO  [LoggerUtils] Sidebar menu clicked 
2021-11-25 21:00:10,572 INFO  [LoggerUtils] Sidebar Insurance menu clicked 
2021-11-25 21:00:14,675 INFO  [LoggerUtils] Sidebar Policy profile menu clicked 
2021-11-25 21:00:19,286 INFO  [LoggerUtils] POlicy number entered 
2021-11-25 21:00:27,596 INFO  [LoggerUtils] Insured details entered 
2021-11-25 21:00:31,830 INFO  [LoggerUtils] Bill to details entered  
2021-11-25 21:00:36,669 INFO  [LoggerUtils] Insurer details entered 
2021-11-25 21:00:40,948 INFO  [LoggerUtils] Introducer details entered 
2021-11-25 21:00:47,222 INFO  [LoggerUtils] Class Selected 
2021-11-25 21:00:49,412 INFO  [LoggerUtils] Gross premium entered 
2021-11-25 21:00:51,712 INFO  [LoggerUtils] Discont entered 
2021-11-25 21:00:54,960 INFO  [LoggerUtils] Our Commission 1 entered 
2021-11-25 21:00:57,074 INFO  [LoggerUtils] Save btton Clicked 
2021-11-25 21:01:01,133 ERROR [LoggerUtils] Failed in test case execution 
2021-11-25 21:01:01,817 INFO  [LoggerUtils] Driver tear down 
2021-11-25 21:01:01,818 INFO  [LoggerUtils] Driver tear down 
2021-11-25 21:01:01,818 INFO  [LoggerUtils] Test Failed - newpol_001 
2021-11-25 21:10:50,293 INFO  [LoggerUtils] ****************************************** 
2021-11-25 21:10:50,294 INFO  [LoggerUtils] Test Case ID: newpol_001 
2021-11-25 21:10:50,294 INFO  [LoggerUtils] ****************************************** 
2021-11-25 21:10:53,949 INFO  [LoggerUtils] Driver Setup 
2021-11-25 21:10:57,319 INFO  [LoggerUtils] User Name: admin@eta.com 
2021-11-25 21:10:58,461 INFO  [LoggerUtils] Password: Success123 
2021-11-25 21:11:01,538 INFO  [LoggerUtils] Login Successfully, welcome to dashboard 
2021-11-25 21:11:06,637 INFO  [LoggerUtils] Sidebar menu clicked 
2021-11-25 21:11:11,092 INFO  [LoggerUtils] Sidebar Insurance menu clicked 
2021-11-25 21:11:15,356 ERROR [LoggerUtils] Failed in test case execution 
org.openqa.selenium.ElementNotInteractableException: element not interactable
  (Session info: chrome=96.0.4664.45)
Build info: version: '4.0.0', revision: '3a21814679'
System info: host: 'LAPTOP-I0G0DV6M', ip: '192.168.0.105', os.name: 'Windows 10', os.arch: 'amd64', os.version: '10.0', java.version: '15.0.2'
Driver info: org.openqa.selenium.chrome.ChromeDriver
Command: [ca5ac71f6dcc7800269fe519b33db8cf, clickElement {id=9116a953-29b1-4873-bb83-6a6b1927f2a5}]
Capabilities {acceptInsecureCerts: false, browserName: chrome, browserVersion: 96.0.4664.45, chrome: {chromedriverVersion: 96.0.4664.45 (76e4c1bb2ab46..., userDataDir: C:\Users\ADMIN\AppData\Loca...}, goog:chromeOptions: {debuggerAddress: localhost:63312}, javascriptEnabled: true, networkConnectionEnabled: false, pageLoadStrategy: normal, platform: WINDOWS, platformName: WINDOWS, proxy: Proxy(), se:cdp: ws://localhost:63312/devtoo..., se:cdpVersion: 96.0.4664.45, setWindowRect: true, strictFileInteractability: false, timeouts: {implicit: 0, pageLoad: 300000, script: 30000}, unhandledPromptBehavior: dismiss and notify, webauthn:extension:credBlob: true, webauthn:extension:largeBlob: true, webauthn:virtualAuthenticators: true}
Element: [[ChromeDriver: chrome on WINDOWS (ca5ac71f6dcc7800269fe519b33db8cf)] -> xpath: //span[@class='anchor-caption'][normalize-space()='Policy Profile']]
Session ID: ca5ac71f6dcc7800269fe519b33db8cf
	at java.base/jdk.internal.reflect.NativeConstructorAccessorImpl.newInstance0(Native Method)
	at java.base/jdk.internal.reflect.NativeConstructorAccessorImpl.newInstance(NativeConstructorAccessorImpl.java:64)
	at java.base/jdk.internal.reflect.DelegatingConstructorAccessorImpl.newInstance(DelegatingConstructorAccessorImpl.java:45)
	at java.base/java.lang.reflect.Constructor.newInstanceWithCaller(Constructor.java:500)
	at java.base/java.lang.reflect.Constructor.newInstance(Constructor.java:481)
	at org.openqa.selenium.remote.codec.w3c.W3CHttpResponseCodec.createException(W3CHttpResponseCodec.java:200)
	at org.openqa.selenium.remote.codec.w3c.W3CHttpResponseCodec.decode(W3CHttpResponseCodec.java:133)
	at org.openqa.selenium.remote.codec.w3c.W3CHttpResponseCodec.decode(W3CHttpResponseCodec.java:53)
	at org.openqa.selenium.remote.HttpCommandExecutor.execute(HttpCommandExecutor.java:184)
	at org.openqa.selenium.remote.service.DriverCommandExecutor.invokeExecute(DriverCommandExecutor.java:164)
	at org.openqa.selenium.remote.service.DriverCommandExecutor.execute(DriverCommandExecutor.java:139)
	at org.openqa.selenium.remote.RemoteWebDriver.execute(RemoteWebDriver.java:559)
	at org.openqa.selenium.remote.RemoteWebElement.execute(RemoteWebElement.java:251)
	at org.openqa.selenium.remote.RemoteWebElement.click(RemoteWebElement.java:77)
	at modules.policycreation.tests.PolicyTest.NewPolicy(PolicyTest.java:59)
	at java.base/jdk.internal.reflect.NativeMethodAccessorImpl.invoke0(Native Method)
	at java.base/jdk.internal.reflect.NativeMethodAccessorImpl.invoke(NativeMethodAccessorImpl.java:64)
	at java.base/jdk.internal.reflect.DelegatingMethodAccessorImpl.invoke(DelegatingMethodAccessorImpl.java:43)
	at java.base/java.lang.reflect.Method.invoke(Method.java:564)
	at testDrivers.TestDriver.tDriver(TestDriver.java:150)
	at java.base/jdk.internal.reflect.NativeMethodAccessorImpl.invoke0(Native Method)
	at java.base/jdk.internal.reflect.NativeMethodAccessorImpl.invoke(NativeMethodAccessorImpl.java:64)
	at java.base/jdk.internal.reflect.DelegatingMethodAccessorImpl.invoke(DelegatingMethodAccessorImpl.java:43)
	at java.base/java.lang.reflect.Method.invoke(Method.java:564)
	at org.testng.internal.MethodInvocationHelper.invokeMethod(MethodInvocationHelper.java:133)
	at org.testng.internal.TestInvoker.invokeMethod(TestInvoker.java:598)
	at org.testng.internal.TestInvoker.invokeTestMethod(TestInvoker.java:173)
	at org.testng.internal.MethodRunner.runInSequence(MethodRunner.java:46)
	at org.testng.internal.TestInvoker$MethodInvocationAgent.invoke(TestInvoker.java:824)
	at org.testng.internal.TestInvoker.invokeTestMethods(TestInvoker.java:146)
	at org.testng.internal.TestMethodWorker.invokeTestMethods(TestMethodWorker.java:146)
	at org.testng.internal.TestMethodWorker.run(TestMethodWorker.java:128)
	at java.base/java.util.ArrayList.forEach(ArrayList.java:1511)
	at org.testng.TestRunner.privateRun(TestRunner.java:794)
	at org.testng.TestRunner.run(TestRunner.java:596)
	at org.testng.SuiteRunner.runTest(SuiteRunner.java:377)
	at org.testng.SuiteRunner.runSequentially(SuiteRunner.java:371)
	at org.testng.SuiteRunner.privateRun(SuiteRunner.java:332)
	at org.testng.SuiteRunner.run(SuiteRunner.java:276)
	at org.testng.SuiteRunnerWorker.runSuite(SuiteRunnerWorker.java:53)
	at org.testng.SuiteRunnerWorker.run(SuiteRunnerWorker.java:96)
	at org.testng.TestNG.runSuitesSequentially(TestNG.java:1212)
	at org.testng.TestNG.runSuitesLocally(TestNG.java:1134)
	at org.testng.TestNG.runSuites(TestNG.java:1063)
	at org.testng.TestNG.run(TestNG.java:1031)
	at org.testng.remote.AbstractRemoteTestNG.run(AbstractRemoteTestNG.java:115)
	at org.testng.remote.RemoteTestNG.initAndRun(RemoteTestNG.java:251)
	at org.testng.remote.RemoteTestNG.main(RemoteTestNG.java:77)
2021-11-25 21:11:16,081 INFO  [LoggerUtils] Driver tear down 
2021-11-25 21:11:16,081 INFO  [LoggerUtils] Test Failed - newpol_001 
2021-11-25 21:11:41,063 INFO  [LoggerUtils] ****************************************** 
2021-11-25 21:11:41,063 INFO  [LoggerUtils] Test Case ID: newpol_001 
2021-11-25 21:11:41,063 INFO  [LoggerUtils] ****************************************** 
2021-11-25 21:11:44,921 INFO  [LoggerUtils] Driver Setup 
2021-11-25 21:11:48,179 INFO  [LoggerUtils] User Name: admin@eta.com 
2021-11-25 21:11:49,285 INFO  [LoggerUtils] Password: Success123 
2021-11-25 21:11:52,366 INFO  [LoggerUtils] Login Successfully, welcome to dashboard 
2021-11-25 21:11:57,482 INFO  [LoggerUtils] Sidebar menu clicked 
2021-11-25 21:12:01,830 INFO  [LoggerUtils] Sidebar Insurance menu clicked 
2021-11-25 21:12:05,909 INFO  [LoggerUtils] Sidebar Policy profile menu clicked 
2021-11-25 21:12:11,146 INFO  [LoggerUtils] POlicy number entered 
2021-11-25 21:12:19,438 INFO  [LoggerUtils] Insured details entered 
2021-11-25 21:12:23,731 INFO  [LoggerUtils] Bill to details entered  
2021-11-25 21:12:28,026 INFO  [LoggerUtils] Insurer details entered 
2021-11-25 21:12:32,334 INFO  [LoggerUtils] Introducer details entered 
2021-11-25 21:12:36,938 ERROR [LoggerUtils] Failed in test case execution 
org.openqa.selenium.UnhandledAlertException: unexpected alert open: {Alert text : }
  (Session info: chrome=96.0.4664.45): {Alert text : 
Build info: version: '4.0.0', revision: '3a21814679'
System info: host: 'LAPTOP-I0G0DV6M', ip: '192.168.0.105', os.name: 'Windows 10', os.arch: 'amd64', os.version: '10.0', java.version: '15.0.2'
Driver info: org.openqa.selenium.chrome.ChromeDriver
Command: [870eaf458cc8f1971296b31b64a2c018, findElement {using=xpath, value=//span[@title='BUR-BURGLARY']}]
Capabilities {acceptInsecureCerts: false, browserName: chrome, browserVersion: 96.0.4664.45, chrome: {chromedriverVersion: 96.0.4664.45 (76e4c1bb2ab46..., userDataDir: C:\Users\ADMIN\AppData\Loca...}, goog:chromeOptions: {debuggerAddress: localhost:58700}, javascriptEnabled: true, networkConnectionEnabled: false, pageLoadStrategy: normal, platform: WINDOWS, platformName: WINDOWS, proxy: Proxy(), se:cdp: ws://localhost:58700/devtoo..., se:cdpVersion: 96.0.4664.45, setWindowRect: true, strictFileInteractability: false, timeouts: {implicit: 0, pageLoad: 300000, script: 30000}, unhandledPromptBehavior: dismiss and notify, webauthn:extension:credBlob: true, webauthn:extension:largeBlob: true, webauthn:virtualAuthenticators: true}
Session ID: 870eaf458cc8f1971296b31b64a2c018
	at org.openqa.selenium.remote.codec.w3c.W3CHttpResponseCodec.decode(W3CHttpResponseCodec.java:131)
	at org.openqa.selenium.remote.codec.w3c.W3CHttpResponseCodec.decode(W3CHttpResponseCodec.java:53)
	at org.openqa.selenium.remote.HttpCommandExecutor.execute(HttpCommandExecutor.java:184)
	at org.openqa.selenium.remote.service.DriverCommandExecutor.invokeExecute(DriverCommandExecutor.java:164)
	at org.openqa.selenium.remote.service.DriverCommandExecutor.execute(DriverCommandExecutor.java:139)
	at org.openqa.selenium.remote.RemoteWebDriver.execute(RemoteWebDriver.java:559)
	at org.openqa.selenium.remote.ElementLocation$ElementFinder$2.findElement(ElementLocation.java:162)
	at org.openqa.selenium.remote.ElementLocation.findElement(ElementLocation.java:60)
	at org.openqa.selenium.remote.RemoteWebDriver.findElement(RemoteWebDriver.java:383)
	at org.openqa.selenium.remote.RemoteWebDriver.findElement(RemoteWebDriver.java:375)
	at org.openqa.selenium.support.ui.ExpectedConditions$6.apply(ExpectedConditions.java:174)
	at org.openqa.selenium.support.ui.ExpectedConditions$6.apply(ExpectedConditions.java:171)
	at org.openqa.selenium.support.ui.FluentWait.until(FluentWait.java:208)
	at modules.policycreation.pageobject.PolicyCreatePage.txtClassVal(PolicyCreatePage.java:132)
	at modules.policycreation.tests.PolicyTest.NewPolicy(PolicyTest.java:119)
	at java.base/jdk.internal.reflect.NativeMethodAccessorImpl.invoke0(Native Method)
	at java.base/jdk.internal.reflect.NativeMethodAccessorImpl.invoke(NativeMethodAccessorImpl.java:64)
	at java.base/jdk.internal.reflect.DelegatingMethodAccessorImpl.invoke(DelegatingMethodAccessorImpl.java:43)
	at java.base/java.lang.reflect.Method.invoke(Method.java:564)
	at testDrivers.TestDriver.tDriver(TestDriver.java:150)
	at java.base/jdk.internal.reflect.NativeMethodAccessorImpl.invoke0(Native Method)
	at java.base/jdk.internal.reflect.NativeMethodAccessorImpl.invoke(NativeMethodAccessorImpl.java:64)
	at java.base/jdk.internal.reflect.DelegatingMethodAccessorImpl.invoke(DelegatingMethodAccessorImpl.java:43)
	at java.base/java.lang.reflect.Method.invoke(Method.java:564)
	at org.testng.internal.MethodInvocationHelper.invokeMethod(MethodInvocationHelper.java:133)
	at org.testng.internal.TestInvoker.invokeMethod(TestInvoker.java:598)
	at org.testng.internal.TestInvoker.invokeTestMethod(TestInvoker.java:173)
	at org.testng.internal.MethodRunner.runInSequence(MethodRunner.java:46)
	at org.testng.internal.TestInvoker$MethodInvocationAgent.invoke(TestInvoker.java:824)
	at org.testng.internal.TestInvoker.invokeTestMethods(TestInvoker.java:146)
	at org.testng.internal.TestMethodWorker.invokeTestMethods(TestMethodWorker.java:146)
	at org.testng.internal.TestMethodWorker.run(TestMethodWorker.java:128)
	at java.base/java.util.ArrayList.forEach(ArrayList.java:1511)
	at org.testng.TestRunner.privateRun(TestRunner.java:794)
	at org.testng.TestRunner.run(TestRunner.java:596)
	at org.testng.SuiteRunner.runTest(SuiteRunner.java:377)
	at org.testng.SuiteRunner.runSequentially(SuiteRunner.java:371)
	at org.testng.SuiteRunner.privateRun(SuiteRunner.java:332)
	at org.testng.SuiteRunner.run(SuiteRunner.java:276)
	at org.testng.SuiteRunnerWorker.runSuite(SuiteRunnerWorker.java:53)
	at org.testng.SuiteRunnerWorker.run(SuiteRunnerWorker.java:96)
	at org.testng.TestNG.runSuitesSequentially(TestNG.java:1212)
	at org.testng.TestNG.runSuitesLocally(TestNG.java:1134)
	at org.testng.TestNG.runSuites(TestNG.java:1063)
	at org.testng.TestNG.run(TestNG.java:1031)
	at org.testng.remote.AbstractRemoteTestNG.run(AbstractRemoteTestNG.java:115)
	at org.testng.remote.RemoteTestNG.initAndRun(RemoteTestNG.java:251)
	at org.testng.remote.RemoteTestNG.main(RemoteTestNG.java:77)
2021-11-25 21:12:37,700 INFO  [LoggerUtils] Driver tear down 
2021-11-25 21:12:37,701 INFO  [LoggerUtils] Test Failed - newpol_001 
2021-11-25 21:16:43,568 INFO  [LoggerUtils] ****************************************** 
2021-11-25 21:16:43,568 INFO  [LoggerUtils] Test Case ID: newpol_001 
2021-11-25 21:16:43,568 INFO  [LoggerUtils] ****************************************** 
2021-11-25 21:16:47,411 INFO  [LoggerUtils] Driver Setup 
2021-11-25 21:16:50,267 INFO  [LoggerUtils] User Name: admin@eta.com 
2021-11-25 21:16:51,379 INFO  [LoggerUtils] Password: Success123 
2021-11-25 21:16:54,453 INFO  [LoggerUtils] Login Successfully, welcome to dashboard 
2021-11-25 21:16:59,571 INFO  [LoggerUtils] Sidebar menu clicked 
2021-11-25 21:17:05,558 INFO  [LoggerUtils] Sidebar Insurance menu clicked 
2021-11-25 21:17:09,619 INFO  [LoggerUtils] Sidebar Policy profile menu clicked 
2021-11-25 21:17:15,432 INFO  [LoggerUtils] POlicy number entered 
2021-11-25 21:17:23,699 INFO  [LoggerUtils] Insured details entered 
2021-11-25 21:17:27,989 INFO  [LoggerUtils] Bill to details entered  
2021-11-25 21:17:32,268 INFO  [LoggerUtils] Insurer details entered 
2021-11-25 21:17:36,560 INFO  [LoggerUtils] Introducer details entered 
2021-11-25 21:17:42,847 INFO  [LoggerUtils] Class Selected 
2021-11-25 21:17:45,077 INFO  [LoggerUtils] Gross premium entered 
2021-11-25 21:17:47,275 INFO  [LoggerUtils] Discont entered 
2021-11-25 21:17:50,580 INFO  [LoggerUtils] Our Commission 1 entered 
2021-11-25 21:17:54,819 INFO  [LoggerUtils] Introducer's Commission entered 
2021-11-25 21:17:56,967 INFO  [LoggerUtils] Save btton Clicked 
2021-11-25 21:18:01,025 ERROR [LoggerUtils] Failed in test case execution 
2021-11-25 21:18:01,767 INFO  [LoggerUtils] Driver tear down 
2021-11-25 21:18:01,768 INFO  [LoggerUtils] Driver tear down 
2021-11-25 21:18:01,768 INFO  [LoggerUtils] Test Failed - newpol_001 
2021-11-25 21:39:01,605 INFO  [LoggerUtils] ****************************************** 
2021-11-25 21:39:01,605 INFO  [LoggerUtils] Test Case ID: newpol_001 
2021-11-25 21:39:01,605 INFO  [LoggerUtils] ****************************************** 
2021-11-25 21:39:09,076 INFO  [LoggerUtils] Driver Setup 
2021-11-25 21:39:14,237 INFO  [LoggerUtils] User Name: admin@eta.com 
2021-11-25 21:39:15,451 INFO  [LoggerUtils] Password: Success123 
2021-11-25 21:39:18,567 INFO  [LoggerUtils] Login Successfully, welcome to dashboard 
2021-11-25 21:39:23,676 INFO  [LoggerUtils] Sidebar menu clicked 
2021-11-25 21:39:28,289 INFO  [LoggerUtils] Sidebar Insurance menu clicked 
2021-11-25 21:39:32,433 INFO  [LoggerUtils] Sidebar Policy profile menu clicked 
2021-11-25 21:39:40,325 INFO  [LoggerUtils] POlicy number entered 
2021-11-25 21:39:48,603 INFO  [LoggerUtils] Insured details entered 
2021-11-25 21:39:52,861 INFO  [LoggerUtils] Bill to details entered  
2021-11-25 21:39:57,166 INFO  [LoggerUtils] Insurer details entered 
2021-11-25 21:41:22,645 ERROR [LoggerUtils] Failed in test case execution 
org.openqa.selenium.UnhandledAlertException: unexpected alert open: {Alert text : }
  (Session info: chrome=96.0.4664.45): {Alert text : 
Build info: version: '4.0.0', revision: '3a21814679'
System info: host: 'LAPTOP-I0G0DV6M', ip: '192.168.0.105', os.name: 'Windows 10', os.arch: 'amd64', os.version: '10.0', java.version: '15.0.2'
Driver info: org.openqa.selenium.chrome.ChromeDriver
Command: [e0c4cbc75824ede204c6a80ed52031f0, findElement {using=xpath, value=//span[@title='']}]
Capabilities {acceptInsecureCerts: false, browserName: chrome, browserVersion: 96.0.4664.45, chrome: {chromedriverVersion: 96.0.4664.45 (76e4c1bb2ab46..., userDataDir: C:\Users\ADMIN\AppData\Loca...}, goog:chromeOptions: {debuggerAddress: localhost:50979}, javascriptEnabled: true, networkConnectionEnabled: false, pageLoadStrategy: normal, platform: WINDOWS, platformName: WINDOWS, proxy: Proxy(), se:cdp: ws://localhost:50979/devtoo..., se:cdpVersion: 96.0.4664.45, setWindowRect: true, strictFileInteractability: false, timeouts: {implicit: 0, pageLoad: 300000, script: 30000}, unhandledPromptBehavior: dismiss and notify, webauthn:extension:credBlob: true, webauthn:extension:largeBlob: true, webauthn:virtualAuthenticators: true}
Session ID: e0c4cbc75824ede204c6a80ed52031f0
	at org.openqa.selenium.remote.codec.w3c.W3CHttpResponseCodec.decode(W3CHttpResponseCodec.java:131)
	at org.openqa.selenium.remote.codec.w3c.W3CHttpResponseCodec.decode(W3CHttpResponseCodec.java:53)
	at org.openqa.selenium.remote.HttpCommandExecutor.execute(HttpCommandExecutor.java:184)
	at org.openqa.selenium.remote.service.DriverCommandExecutor.invokeExecute(DriverCommandExecutor.java:164)
	at org.openqa.selenium.remote.service.DriverCommandExecutor.execute(DriverCommandExecutor.java:139)
	at org.openqa.selenium.remote.RemoteWebDriver.execute(RemoteWebDriver.java:559)
	at org.openqa.selenium.remote.ElementLocation$ElementFinder$2.findElement(ElementLocation.java:162)
	at org.openqa.selenium.remote.ElementLocation.findElement(ElementLocation.java:60)
	at org.openqa.selenium.remote.RemoteWebDriver.findElement(RemoteWebDriver.java:383)
	at org.openqa.selenium.remote.RemoteWebDriver.findElement(RemoteWebDriver.java:375)
	at org.openqa.selenium.support.ui.ExpectedConditions$6.apply(ExpectedConditions.java:174)
	at org.openqa.selenium.support.ui.ExpectedConditions$6.apply(ExpectedConditions.java:171)
	at org.openqa.selenium.support.ui.FluentWait.until(FluentWait.java:208)
	at modules.policycreation.pageobject.PolicyCreatePage.txtIntroducerVal(PolicyCreatePage.java:97)
	at modules.policycreation.tests.PolicyTest.NewPolicy(PolicyTest.java:109)
	at java.base/jdk.internal.reflect.NativeMethodAccessorImpl.invoke0(Native Method)
	at java.base/jdk.internal.reflect.NativeMethodAccessorImpl.invoke(NativeMethodAccessorImpl.java:64)
	at java.base/jdk.internal.reflect.DelegatingMethodAccessorImpl.invoke(DelegatingMethodAccessorImpl.java:43)
	at java.base/java.lang.reflect.Method.invoke(Method.java:564)
	at testDrivers.TestDriver.tDriver(TestDriver.java:150)
	at java.base/jdk.internal.reflect.NativeMethodAccessorImpl.invoke0(Native Method)
	at java.base/jdk.internal.reflect.NativeMethodAccessorImpl.invoke(NativeMethodAccessorImpl.java:64)
	at java.base/jdk.internal.reflect.DelegatingMethodAccessorImpl.invoke(DelegatingMethodAccessorImpl.java:43)
	at java.base/java.lang.reflect.Method.invoke(Method.java:564)
	at org.testng.internal.MethodInvocationHelper.invokeMethod(MethodInvocationHelper.java:133)
	at org.testng.internal.TestInvoker.invokeMethod(TestInvoker.java:598)
	at org.testng.internal.TestInvoker.invokeTestMethod(TestInvoker.java:173)
	at org.testng.internal.MethodRunner.runInSequence(MethodRunner.java:46)
	at org.testng.internal.TestInvoker$MethodInvocationAgent.invoke(TestInvoker.java:824)
	at org.testng.internal.TestInvoker.invokeTestMethods(TestInvoker.java:146)
	at org.testng.internal.TestMethodWorker.invokeTestMethods(TestMethodWorker.java:146)
	at org.testng.internal.TestMethodWorker.run(TestMethodWorker.java:128)
	at java.base/java.util.ArrayList.forEach(ArrayList.java:1511)
	at org.testng.TestRunner.privateRun(TestRunner.java:794)
	at org.testng.TestRunner.run(TestRunner.java:596)
	at org.testng.SuiteRunner.runTest(SuiteRunner.java:377)
	at org.testng.SuiteRunner.runSequentially(SuiteRunner.java:371)
	at org.testng.SuiteRunner.privateRun(SuiteRunner.java:332)
	at org.testng.SuiteRunner.run(SuiteRunner.java:276)
	at org.testng.SuiteRunnerWorker.runSuite(SuiteRunnerWorker.java:53)
	at org.testng.SuiteRunnerWorker.run(SuiteRunnerWorker.java:96)
	at org.testng.TestNG.runSuitesSequentially(TestNG.java:1212)
	at org.testng.TestNG.runSuitesLocally(TestNG.java:1134)
	at org.testng.TestNG.runSuites(TestNG.java:1063)
	at org.testng.TestNG.run(TestNG.java:1031)
	at org.testng.remote.AbstractRemoteTestNG.run(AbstractRemoteTestNG.java:115)
	at org.testng.remote.RemoteTestNG.initAndRun(RemoteTestNG.java:251)
	at org.testng.remote.RemoteTestNG.main(RemoteTestNG.java:77)
2021-11-25 21:41:23,504 INFO  [LoggerUtils] Driver tear down 
2021-11-25 21:41:23,505 INFO  [LoggerUtils] Test Failed - newpol_001 
2021-11-25 23:26:35,394 INFO  [LoggerUtils] ****************************************** 
2021-11-25 23:26:35,396 INFO  [LoggerUtils] Test Case ID: newpol_001 
2021-11-25 23:26:35,396 INFO  [LoggerUtils] ****************************************** 
2021-11-25 23:26:39,644 INFO  [LoggerUtils] Driver Setup 
2021-11-25 23:26:43,475 INFO  [LoggerUtils] User Name: admin@eta.com 
2021-11-25 23:26:44,637 INFO  [LoggerUtils] Password: Success123 
2021-11-25 23:26:47,724 INFO  [LoggerUtils] Login Successfully, welcome to dashboard 
2021-11-25 23:26:53,450 INFO  [LoggerUtils] Sidebar menu clicked 
2021-11-25 23:26:57,664 INFO  [LoggerUtils] Sidebar Insurance menu clicked 
2021-11-25 23:27:01,771 INFO  [LoggerUtils] Sidebar Policy profile menu clicked 
2021-11-25 23:27:07,619 INFO  [LoggerUtils] POlicy number entered 
2021-11-25 23:27:15,994 INFO  [LoggerUtils] Insured details entered 
2021-11-25 23:27:20,397 INFO  [LoggerUtils] Bill to details entered  
2021-11-25 23:27:24,785 INFO  [LoggerUtils] Insurer details entered 
2021-11-25 23:27:31,188 INFO  [LoggerUtils] Class Selected 
2021-11-25 23:27:33,458 INFO  [LoggerUtils] Gross premium entered 
2021-11-25 23:27:35,773 INFO  [LoggerUtils] Discont entered 
2021-11-25 23:27:39,250 INFO  [LoggerUtils] Our Commission 1 entered 
2021-11-25 23:27:41,461 INFO  [LoggerUtils] Save btton Clicked 
2021-11-25 23:27:48,767 INFO  [LoggerUtils] Policy number should be unique!, Unable to Create Policy 
2021-11-25 23:27:49,509 INFO  [LoggerUtils] Driver tear down 
2021-11-25 23:27:49,742 INFO  [LoggerUtils] Test Completed Successfully - newpol_001 
2021-11-25 23:27:49,835 INFO  [LoggerUtils] ****************************************** 
2021-11-25 23:27:49,835 INFO  [LoggerUtils] Test Case ID: newpol_002 
2021-11-25 23:27:49,835 INFO  [LoggerUtils] ****************************************** 
2021-11-25 23:27:51,927 INFO  [LoggerUtils] Driver Setup 
2021-11-25 23:27:55,392 INFO  [LoggerUtils] User Name: admin@eta.com 
2021-11-25 23:27:56,541 INFO  [LoggerUtils] Password: Success123 
2021-11-25 23:27:59,624 INFO  [LoggerUtils] Login Successfully, welcome to dashboard 
2021-11-25 23:28:05,438 INFO  [LoggerUtils] Sidebar menu clicked 
2021-11-25 23:28:09,888 INFO  [LoggerUtils] Sidebar Insurance menu clicked 
2021-11-25 23:28:13,992 INFO  [LoggerUtils] Sidebar Policy profile menu clicked 
2021-11-25 23:28:19,996 INFO  [LoggerUtils] POlicy number entered 
2021-11-25 23:28:28,405 INFO  [LoggerUtils] Insured details entered 
2021-11-25 23:28:32,823 INFO  [LoggerUtils] Bill to details entered  
2021-11-25 23:28:37,274 INFO  [LoggerUtils] Insurer details entered 
2021-11-25 23:28:42,935 INFO  [LoggerUtils] Introducer details entered 
2021-11-25 23:28:49,340 INFO  [LoggerUtils] Class Selected 
2021-11-25 23:28:51,643 INFO  [LoggerUtils] Gross premium entered 
2021-11-25 23:28:53,992 INFO  [LoggerUtils] Discont entered 
2021-11-25 23:28:57,335 INFO  [LoggerUtils] Our Commission 1 entered 
2021-11-25 23:29:01,679 INFO  [LoggerUtils] Introducer's Commission entered 
2021-11-25 23:29:03,828 INFO  [LoggerUtils] Save btton Clicked 
2021-11-25 23:29:08,204 INFO  [LoggerUtils] Policy number should be unique!, Unable to Create Policy 
2021-11-25 23:29:08,931 INFO  [LoggerUtils] Driver tear down 
2021-11-25 23:29:09,014 INFO  [LoggerUtils] Test Completed Successfully - newpol_002 
